Nov 27 10:24:52 Updated: rpmforge-release-0.5.3-1.el6.rf.i686
Nov 27 10:25:01 Updated: libcom_err-1.41.12-21.el6.i686
Nov 27 10:25:01 Updated: libselinux-2.0.94-5.8.el6.i686
Nov 27 10:25:01 Updated: keyutils-libs-1.4-5.el6.i686
Nov 27 10:25:01 Installed: keyutils-libs-devel-1.4-5.el6.i686
Nov 27 10:25:01 Installed: libcom_err-devel-1.41.12-21.el6.i686
Nov 27 10:25:01 Installed: zlib-devel-1.2.3-29.el6.i686
Nov 27 10:25:01 Installed: libsepol-devel-2.0.41-4.el6.i686
Nov 27 10:25:01 Updated: krb5-libs-1.10.3-33.el6.i686
Nov 27 10:25:01 Installed: libselinux-devel-2.0.94-5.8.el6.i686
Nov 27 10:25:02 Updated: openssl-1.0.1e-30.el6_6.4.i686
Nov 27 10:25:02 Installed: krb5-devel-1.10.3-33.el6.i686
Nov 27 10:25:02 Updated: e2fsprogs-libs-1.41.12-21.el6.i686
Nov 27 10:25:02 Updated: libss-1.41.12-21.el6.i686
Nov 27 10:25:02 Installed: gnutls-2.8.5-14.el6_5.i686
Nov 27 10:25:03 Installed: pkcs11-helper-1.08-1.el6.rf.i686
Nov 27 10:25:03 Installed: lzo-2.03-3.1.el6_5.1.i686
Nov 27 10:25:03 Installed: openssl-devel-1.0.1e-30.el6_6.4.i686
Nov 27 10:25:03 Installed: openvpn-2.2.2-1.el6.rf.i686
Nov 27 10:25:03 Updated: e2fsprogs-1.41.12-21.el6.i686
Nov 27 10:25:03 Updated: libselinux-utils-2.0.94-5.8.el6.i686
Nov 27 10:25:04 Installed: zip-3.0-1.el6.i686
Nov 27 22:29:20 Updated: xz-libs-4.999.9-0.5.beta.20091007git.el6.i686
Nov 27 22:29:20 Installed: xz-4.999.9-0.5.beta.20091007git.el6.i686
Nov 27 22:29:20 Installed: xz-lzma-compat-4.999.9-0.5.beta.20091007git.el6.i686
Nov 27 22:29:20 Installed: bzip2-1.0.5-7.el6_0.i686
Nov 27 22:29:21 Installed: man-1.6f-32.el6.i686
Nov 28 00:42:35 Updated: libgcc-4.4.7-11.el6.i686
Nov 28 00:42:35 Updated: yum-3.2.29-60.el6.centos.noarch
Nov 28 00:42:35 Updated: yum-plugin-fastestmirror-1.1.30-30.el6.noarch
Nov 28 00:42:36 Updated: tzdata-2014j-1.el6.noarch
Nov 28 00:42:36 Updated: centos-release-6-6.el6.centos.12.2.i686
Nov 28 00:42:36 Updated: nss-softokn-freebl-3.14.3-18.el6_6.i686
Nov 28 00:42:37 Updated: bash-4.1.2-29.el6.i686
Nov 28 00:42:45 Updated: glibc-2.12-1.149.el6.i686
Nov 28 00:42:56 Updated: glibc-common-2.12-1.149.el6.i686
Nov 28 00:42:58 Updated: ca-certificates-2014.1.98-65.1.el6.noarch
Nov 28 00:42:58 Updated: nspr-4.10.6-1.el6_5.i686
Nov 28 00:42:58 Updated: nss-util-3.16.1-3.el6.i686
Nov 28 00:42:58 Updated: audit-libs-2.3.7-5.el6.i686
Nov 28 00:42:59 Updated: 2:shadow-utils-4.1.4.2-19.el6.i686
Nov 28 00:42:59 Updated: grep-2.6.3-6.el6.i686
Nov 28 00:42:59 Updated: coreutils-libs-8.4-37.el6.i686
Nov 28 00:43:00 Updated: coreutils-8.4-37.el6.i686
Nov 28 00:43:00 Updated: pam-1.1.1-20.el6.i686
Nov 28 00:43:00 Updated: nss-softokn-3.14.3-18.el6_6.i686
Nov 28 00:43:01 Updated: nss-3.16.1-14.el6.i686
Nov 28 00:43:01 Updated: nss-sysinit-3.16.1-14.el6.i686
Nov 28 00:43:01 Updated: libuuid-2.17.2-12.18.el6.i686
Nov 28 00:43:01 Updated: libblkid-2.17.2-12.18.el6.i686
Nov 28 00:43:01 Updated: nss-tools-3.16.1-14.el6.i686
Nov 28 00:43:01 Updated: procps-3.2.8-30.el6.i686
Nov 28 00:43:01 Updated: cpio-2.10-12.el6_5.i686
Nov 28 00:43:01 Updated: 2:ethtool-3.5-5.el6.i686
Nov 28 00:43:02 Updated: binutils-2.20.51.0.2-5.42.el6.i686
Nov 28 00:43:02 Updated: module-init-tools-3.9-24.el6.i686
Nov 28 00:43:02 Updated: hwdata-0.233-11.1.el6.noarch
Nov 28 00:43:03 Updated: libxml2-2.7.6-17.el6_6.1.i686
Nov 28 00:43:03 Updated: glib2-2.28.8-4.el6.i686
Nov 28 00:43:04 Updated: shared-mime-info-0.70-6.el6.i686
Nov 28 00:43:04 Updated: iptables-1.4.7-14.el6.i686
Nov 28 00:43:04 Updated: iproute-2.6.32-33.el6_6.i686
Nov 28 00:43:05 Updated: util-linux-ng-2.17.2-12.18.el6.i686
Nov 28 00:43:05 Updated: initscripts-9.03.46-1.el6.centos.1.i686
Nov 28 00:43:06 Updated: udev-147-2.57.el6.i686
Nov 28 00:43:06 Updated: policycoreutils-2.0.83-19.47.el6_6.1.i686
Nov 28 00:43:06 Updated: openssh-5.3p1-104.el6_6.1.i686
Nov 28 00:43:06 Updated: less-436-13.el6.i686
Nov 28 00:43:06 Updated: cyrus-sasl-lib-2.1.23-15.el6_6.1.i686
Nov 28 00:43:07 Updated: openldap-2.4.39-8.el6.i686
Nov 28 00:43:07 Updated: libcurl-7.19.7-40.el6_6.1.i686
Nov 28 00:43:07 Updated: gnupg2-2.0.14-8.el6.i686
Nov 28 00:43:07 Updated: curl-7.19.7-40.el6_6.1.i686
Nov 28 00:43:07 Updated: gzip-1.3.12-22.el6.i686
Nov 28 00:43:07 Updated: openssh-clients-5.3p1-104.el6_6.1.i686
Nov 28 00:43:08 Updated: openssh-server-5.3p1-104.el6_6.1.i686
Nov 28 00:43:08 Updated: rsyslog-5.8.10-9.el6_6.i686
Nov 28 00:43:08 Updated: libstdc++-4.4.7-11.el6.i686
Nov 28 00:43:08 Updated: file-libs-5.04-21.el6.i686
Nov 28 00:43:08 Updated: elfutils-libelf-0.158-3.2.el6.i686
Nov 28 00:43:08 Updated: wget-1.12-5.el6_6.1.i686
Nov 28 00:46:21 Installed: libevent-1.4.13-4.el6.i686
Nov 28 00:46:21 Installed: tmux-1.6-1.el6.rf.i686
Nov 28 02:26:46 Installed: 1:perl-Pod-Escapes-1.04-136.el6_6.1.i686
Nov 28 02:26:46 Installed: 1:perl-Module-Pluggable-3.90-136.el6_6.1.i686
Nov 28 02:26:47 Installed: 3:perl-version-0.77-136.el6_6.1.i686
Nov 28 02:26:47 Installed: 1:perl-Pod-Simple-3.13-136.el6_6.1.i686
Nov 28 02:26:47 Installed: 4:perl-libs-5.10.1-136.el6_6.1.i686
Nov 28 02:26:50 Installed: 4:perl-5.10.1-136.el6_6.1.i686
Nov 28 02:26:50 Installed: 1:perl-Error-0.17015-4.el6.noarch
Nov 28 02:26:50 Installed: rsync-3.0.6-12.el6.i686
Nov 28 02:26:52 Installed: git-1.7.1-3.el6_4.1.i686
Nov 28 02:26:52 Installed: perl-Git-1.7.1-3.el6_4.1.noarch
Nov 28 02:26:52 Installed: which-2.19-6.el6.i686
Nov 28 02:26:52 Installed: gpm-libs-1.20.6-12.el6.i686
Nov 28 02:26:54 Installed: 2:vim-common-7.2.411-1.8.el6.i686
Nov 28 02:26:55 Installed: 2:vim-enhanced-7.2.411-1.8.el6.i686
Nov 28 02:26:56 Installed: zsh-4.3.10-9.el6.i686
Nov 28 02:26:56 Installed: ctags-5.8-2.el6.i686
